{"uid":"90a5a529be70c494","name":"addCategoryFlow()","fullName":"adicionarCategoria.tests.AddCategoryTest.addCategoryFlow","historyId":"1aed624d4aa65b135245cc837efee357","time":{"start":1764942859029,"stop":1764942890417,"duration":31388},"description":"","status":"failed","statusMessage":"Element not found {vaadin-button, button, a, span, div.filter(visible).findBy(text \"Add New Category\")}\r\nExpected: clickable: interactable and enabled\r\nScreenshot: file:/C:/Users/ruyan/IdeaProjects/guiao5/build/reports/tests/1764942887918.0.png\r\nPage source: file:/C:/Users/ruyan/IdeaProjects/guiao5/build/reports/tests/1764942887918.0.html\r\nTimeout: 10 s.\r\nCaused by: StaleElementReferenceException: stale element reference: stale element not found in the current frame","statusTrace":"Element not found {vaadin-button, button, a, span, div.filter(visible).findBy(text \"Add New Category\")}\r\nExpected: clickable: interactable and enabled\r\nScreenshot: file:/C:/Users/ruyan/IdeaProjects/guiao5/build/reports/tests/1764942887918.0.png\r\nPage source: file:/C:/Users/ruyan/IdeaProjects/guiao5/build/reports/tests/1764942887918.0.html\r\nTimeout: 10 s.\r\nCaused by: StaleElementReferenceException: stale element reference: stale element not found in the current frame\r\n\tat com.codeborne.selenide.impl.WebElementSource.createElementNotFoundError(WebElementSource.java:68)\r\n\tat com.codeborne.selenide.impl.WebElementSource.handleError(WebElementSource.java:119)\r\n\tat com.codeborne.selenide.impl.WebElementSource.checkConditionAndReturnElement(WebElementSource.java:102)\r\n\tat com.codeborne.selenide.impl.WebElementSource.findAndAssertElementIsClickable(WebElementSource.java:148)\r\n\tat com.codeborne.selenide.commands.Click.findElement(Click.java:42)\r\n\tat com.codeborne.selenide.commands.Click.execute(Click.java:28)\r\n\tat com.codeborne.selenide.FluentCommand.execute(FluentCommand.java:23)\r\n\tat com.codeborne.selenide.FluentCommand.execute(FluentCommand.java:19)\r\n\tat com.codeborne.selenide.commands.Commands.execute(Commands.java:159)\r\n\tat com.codeborne.selenide.impl.SelenideElementProxy.dispatchAndRetry(SelenideElementProxy.java:131)\r\n\tat com.codeborne.selenide.impl.SelenideElementProxy.invoke(SelenideElementProxy.java:83)\r\n\tat jdk.proxy1/jdk.proxy1.$Proxy13.click(Unknown Source)\r\n\tat adicionarCategoria.pages.BookStorePage.addCategoryDirect(BookStorePage.java:158)\r\n\tat adicionarCategoria.tests.AddCategoryTest.addCategoryFlow(AddCategoryTest.java:44)\r\n\tat java.base/java.lang.reflect.Method.invoke(Method.java:565)\r\n\tat java.base/java.util.ArrayList.forEach(ArrayList.java:1604)\r\n\tat java.base/java.util.ArrayList.forEach(ArrayList.java:1604)\r\nCaused by: org.openqa.selenium.StaleElementReferenceException: stale element reference: stale element not found in the current frame\n  (Session info: chrome=142.0.7444.176)\nFor documentation on this error, please visit: https://www.selenium.dev/documentation/webdriver/troubleshooting/errors#stale-element-reference-exception\nBuild info: version: '4.26.0', revision: '8ccf0219d7'\nSystem info: os.name: 'Windows 11', os.arch: 'amd64', os.version: '10.0', java.version: '25.0.1'\nDriver info: org.openqa.selenium.chrome.ChromeDriver\nCommand: [747e0d60274b02e6a2df7cfd88bbb789, isElementDisplayed {id=f.502FA0E244660FB5EFBA34154F063CBF.d.A28EEE9B9DC56C9D3D25CB826648B218.e.196}]\nCapabilities {acceptInsecureCerts: true, browserName: chrome, browserVersion: 142.0.7444.176, chrome: {chromedriverVersion: 142.0.7444.175 (302067f14a4..., userDataDir: C:\\Users\\ruyan\\AppData\\Loca...}, fedcm:accounts: true, goog:chromeOptions: {debuggerAddress: localhost:60195}, goog:processID: 24368, networkConnectionEnabled: false, pageLoadStrategy: normal, platformName: windows, proxy: Proxy(), se:cdp: ws://localhost:60195/devtoo..., se:cdpVersion: 142.0.7444.176, setWindowRect: true, strictFileInteractability: false, timeouts: {implicit: 0, pageLoad: 300000, script: 30000}, unhandledPromptBehavior: accept, webauthn:extension:credBlob: true, webauthn:extension:largeBlob: true, webauthn:extension:minPinLength: true, webauthn:extension:prf: true, webauthn:virtualAuthenticators: true}\nElement: [[ChromeDriver: chrome on windows (747e0d60274b02e6a2df7cfd88bbb789)] -> css selector: vaadin-button, button, a, span, div]\nSession ID: 747e0d60274b02e6a2df7cfd88bbb789\r\n\tat java.base/jdk.internal.reflect.DirectConstructorHandleAccessor.newInstance(DirectConstructorHandleAccessor.java:62)\r\n\tat java.base/java.lang.reflect.Constructor.newInstanceWithCaller(Constructor.java:499)\r\n\tat java.base/java.lang.reflect.Constructor.newInstance(Constructor.java:483)\r\n\tat org.openqa.selenium.remote.ErrorCodec.decode(ErrorCodec.java:167)\r\n\tat org.openqa.selenium.remote.codec.w3c.W3CHttpResponseCodec.decode(W3CHttpResponseCodec.java:138)\r\n\tat org.openqa.selenium.remote.codec.w3c.W3CHttpResponseCodec.decode(W3CHttpResponseCodec.java:50)\r\n\tat org.openqa.selenium.remote.HttpCommandExecutor.execute(HttpCommandExecutor.java:190)\r\n\tat org.openqa.selenium.remote.service.DriverCommandExecutor.invokeExecute(DriverCommandExecutor.java:216)\r\n\tat org.openqa.selenium.remote.service.DriverCommandExecutor.execute(DriverCommandExecutor.java:174)\r\n\tat org.openqa.selenium.remote.RemoteWebDriver.execute(RemoteWebDriver.java:545)\r\n\tat org.openqa.selenium.remote.RemoteWebElement.execute(RemoteWebElement.java:223)\r\n\tat org.openqa.selenium.remote.RemoteWebElement.isDisplayed(RemoteWebElement.java:282)\r\n\tat com.codeborne.selenide.conditions.Visible.check(Visible.java:15)\r\n\tat com.codeborne.selenide.impl.FilteringCollection.lambda$getElements$0(FilteringCollection.java:26)\r\n\tat java.base/java.util.stream.ReferencePipeline$2$1.accept(ReferencePipeline.java:196)\r\n\tat java.base/java.util.ArrayList$ArrayListSpliterator.forEachRemaining(ArrayList.java:1716)\r\n\tat java.base/java.util.stream.AbstractPipeline.copyInto(AbstractPipeline.java:570)\r\n\tat java.base/java.util.stream.AbstractPipeline.wrapAndCopyInto(AbstractPipeline.java:560)\r\n\tat java.base/java.util.stream.ReduceOps$ReduceOp.evaluateSequential(ReduceOps.java:921)\r\n\tat java.base/java.util.stream.AbstractPipeline.evaluate(AbstractPipeline.java:265)\r\n\tat java.base/java.util.stream.ReferencePipeline.collect(ReferencePipeline.java:723)\r\n\tat com.codeborne.selenide.impl.FilteringCollection.getElements(FilteringCollection.java:27)\r\n\tat com.codeborne.selenide.impl.CollectionElementByCondition.getWebElement(CollectionElementByCondition.java:37)\r\n\tat com.codeborne.selenide.impl.WebElementSource.checkConditionAndReturnElement(WebElementSource.java:91)\r\n\t... 14 more\r\n","flaky":false,"newFailed":false,"newBroken":false,"newPassed":false,"retriesCount":0,"retriesStatusChange":false,"beforeStages":[],"afterStages":[],"labels":[{"name":"junit.platform.uniqueid","value":"[engine:junit-jupiter]/[class:adicionarCategoria.tests.AddCategoryTest]/[method:addCategoryFlow()]"},{"name":"host","value":"Sidonio"},{"name":"thread","value":"11764@Sidonio.main(3)"},{"name":"framework","value":"junit-platform"},{"name":"language","value":"java"},{"name":"package","value":"adicionarCategoria.tests.AddCategoryTest"},{"name":"testClass","value":"adicionarCategoria.tests.AddCategoryTest"},{"name":"testMethod","value":"addCategoryFlow"},{"name":"suite","value":"adicionarCategoria.tests.AddCategoryTest"},{"name":"resultFormat","value":"allure2"}],"parameters":[],"links":[],"hidden":true,"retry":true,"extra":{"categories":[],"tags":[]},"source":"90a5a529be70c494.json","parameterValues":[]}