{"uid":"f8f93ed9d148b9c4","name":"deveAdicionarProduto()","fullName":"test1_addproduct.AddProductTest.deveAdicionarProduto","historyId":"233435aa0656ef2102f4ea09f39ceaf2","time":{"start":1764890047670,"stop":1764890058984,"duration":11314},"description":"","status":"failed","statusMessage":"Element not found {#username}\r\nExpected: editable\r\nScreenshot: file:/C:/Users/User/IdeaProjects/guiao5/build/reports/tests/1764890058766.0.png\r\nPage source: file:/C:/Users/User/IdeaProjects/guiao5/build/reports/tests/1764890058766.0.html\r\nTimeout: 8 s.\r\nCaused by: NoSuchElementException: no such element: Unable to locate element: {\"method\":\"css selector\",\"selector\":\"#username\"}","statusTrace":"Element not found {#username}\r\nExpected: editable\r\nScreenshot: file:/C:/Users/User/IdeaProjects/guiao5/build/reports/tests/1764890058766.0.png\r\nPage source: file:/C:/Users/User/IdeaProjects/guiao5/build/reports/tests/1764890058766.0.html\r\nTimeout: 8 s.\r\nCaused by: NoSuchElementException: no such element: Unable to locate element: {\"method\":\"css selector\",\"selector\":\"#username\"}\r\n\tat com.codeborne.selenide.impl.WebElementSource.createElementNotFoundError(WebElementSource.java:68)\r\n\tat com.codeborne.selenide.impl.ElementFinder.createElementNotFoundError(ElementFinder.java:117)\r\n\tat com.codeborne.selenide.impl.WebElementSource.handleError(WebElementSource.java:119)\r\n\tat com.codeborne.selenide.impl.WebElementSource.checkConditionAndReturnElement(WebElementSource.java:102)\r\n\tat com.codeborne.selenide.impl.WebElementSource.findAndAssertElementIsEditable(WebElementSource.java:156)\r\n\tat com.codeborne.selenide.commands.SetValue.setValueForTextInput(SetValue.java:52)\r\n\tat com.codeborne.selenide.commands.SetValue.execute(SetValue.java:38)\r\n\tat com.codeborne.selenide.FluentCommand.execute(FluentCommand.java:23)\r\n\tat com.codeborne.selenide.FluentCommand.execute(FluentCommand.java:19)\r\n\tat com.codeborne.selenide.commands.Commands.execute(Commands.java:159)\r\n\tat com.codeborne.selenide.impl.SelenideElementProxy.dispatchAndRetry(SelenideElementProxy.java:131)\r\n\tat com.codeborne.selenide.impl.SelenideElementProxy.invoke(SelenideElementProxy.java:83)\r\n\tat jdk.proxy1/jdk.proxy1.$Proxy11.setValue(Unknown Source)\r\n\tat test1_addproduct.AddProductPage.openPage(AddProductPage.java:34)\r\n\tat test1_addproduct.AddProductTest.deveAdicionarProduto(AddProductTest.java:20)\r\n\tat java.base/java.lang.reflect.Method.invoke(Method.java:565)\r\n\tat java.base/java.util.ArrayList.forEach(ArrayList.java:1604)\r\n\tat java.base/java.util.ArrayList.forEach(ArrayList.java:1604)\r\nCaused by: org.openqa.selenium.NoSuchElementException: no such element: Unable to locate element: {\"method\":\"css selector\",\"selector\":\"#username\"}\n  (Session info: chrome=142.0.7444.176)\nFor documentation on this error, please visit: https://www.selenium.dev/documentation/webdriver/troubleshooting/errors#no-such-element-exception\nBuild info: version: '4.26.0', revision: '8ccf0219d7'\nSystem info: os.name: 'Windows 11', os.arch: 'amd64', os.version: '10.0', java.version: '25.0.1'\nDriver info: org.openqa.selenium.chrome.ChromeDriver\nCommand: [95ea07e514f5cdd199b7a884e20d5253, findElement {using=css selector, value=#username}]\nCapabilities {acceptInsecureCerts: true, browserName: chrome, browserVersion: 142.0.7444.176, chrome: {chromedriverVersion: 142.0.7444.175 (302067f14a4..., userDataDir: C:\\Users\\User\\AppData\\Local...}, fedcm:accounts: true, goog:chromeOptions: {debuggerAddress: localhost:52680}, goog:processID: 14324, networkConnectionEnabled: false, pageLoadStrategy: normal, platformName: windows, proxy: Proxy(), se:cdp: ws://localhost:52680/devtoo..., se:cdpVersion: 142.0.7444.176, setWindowRect: true, strictFileInteractability: false, timeouts: {implicit: 0, pageLoad: 300000, script: 30000}, unhandledPromptBehavior: accept, webauthn:extension:credBlob: true, webauthn:extension:largeBlob: true, webauthn:extension:minPinLength: true, webauthn:extension:prf: true, webauthn:virtualAuthenticators: true}\nSession ID: 95ea07e514f5cdd199b7a884e20d5253\r\n\tat java.base/jdk.internal.reflect.DirectConstructorHandleAccessor.newInstance(DirectConstructorHandleAccessor.java:62)\r\n\tat java.base/java.lang.reflect.Constructor.newInstanceWithCaller(Constructor.java:499)\r\n\tat java.base/java.lang.reflect.Constructor.newInstance(Constructor.java:483)\r\n\tat org.openqa.selenium.remote.ErrorCodec.decode(ErrorCodec.java:167)\r\n\tat org.openqa.selenium.remote.codec.w3c.W3CHttpResponseCodec.decode(W3CHttpResponseCodec.java:138)\r\n\tat org.openqa.selenium.remote.codec.w3c.W3CHttpResponseCodec.decode(W3CHttpResponseCodec.java:50)\r\n\tat org.openqa.selenium.remote.HttpCommandExecutor.execute(HttpCommandExecutor.java:190)\r\n\tat org.openqa.selenium.remote.service.DriverCommandExecutor.invokeExecute(DriverCommandExecutor.java:216)\r\n\tat org.openqa.selenium.remote.service.DriverCommandExecutor.execute(DriverCommandExecutor.java:174)\r\n\tat org.openqa.selenium.remote.RemoteWebDriver.execute(RemoteWebDriver.java:545)\r\n\tat org.openqa.selenium.remote.ElementLocation$ElementFinder$2.findElement(ElementLocation.java:165)\r\n\tat org.openqa.selenium.remote.ElementLocation.findElement(ElementLocation.java:59)\r\n\tat org.openqa.selenium.remote.RemoteWebDriver.findElement(RemoteWebDriver.java:368)\r\n\tat org.openqa.selenium.remote.RemoteWebDriver.findElement(RemoteWebDriver.java:362)\r\n\tat com.codeborne.selenide.impl.WebElementSelector.findElement(WebElementSelector.java:64)\r\n\tat com.codeborne.selenide.impl.WebElementSelector.findElement(WebElementSelector.java:39)\r\n\tat com.codeborne.selenide.impl.WebElementSelector.findElement(WebElementSelector.java:30)\r\n\tat com.codeborne.selenide.impl.ElementFinder.getWebElement(ElementFinder.java:101)\r\n\tat com.codeborne.selenide.impl.WebElementSource.checkConditionAndReturnElement(WebElementSource.java:91)\r\n\t... 14 more\r\n","flaky":false,"newFailed":false,"newBroken":false,"newPassed":false,"retriesCount":10,"retriesStatusChange":true,"beforeStages":[{"name":"setup","time":{"start":1764890047621,"stop":1764890047629,"duration":8},"status":"passed","steps":[],"attachments":[],"parameters":[],"attachmentsCount":0,"shouldDisplayMessage":false,"stepsCount":0,"attachmentStep":false,"hasContent":false}],"afterStages":[],"labels":[{"name":"junit.platform.uniqueid","value":"[engine:junit-jupiter]/[class:test1_addproduct.AddProductTest]/[method:deveAdicionarProduto()]"},{"name":"host","value":"MaquinaDiGuerra"},{"name":"thread","value":"2252@MaquinaDiGuerra.main(3)"},{"name":"framework","value":"junit-platform"},{"name":"language","value":"java"},{"name":"package","value":"test1_addproduct.AddProductTest"},{"name":"testClass","value":"test1_addproduct.AddProductTest"},{"name":"testMethod","value":"deveAdicionarProduto"},{"name":"suite","value":"test1_addproduct.AddProductTest"},{"name":"resultFormat","value":"allure2"}],"parameters":[],"links":[],"hidden":false,"retry":false,"extra":{"severity":"normal","retries":[{"uid":"f16eef96833c5d24","status":"failed","statusDetails":"Element not found {#username}\r\nExpected: editable\r\nPage source: file:/C:/Users/User/IdeaProjects/guiao5/build/reports/tests/1764888850249.0.html\r\nTimeout: 8 s.\r\nCaused by: NoSuchSessionException: invalid session id","time":{"start":1764888838989,"stop":1764888850274,"duration":11285}},{"uid":"37f49706d647af1b","status":"failed","statusDetails":"Element not found {#username}\r\nExpected: visible\r\nScreenshot: file:/C:/Users/User/IdeaProjects/guiao5/build/reports/tests/1764888743019.0.png\r\nPage source: file:/C:/Users/User/IdeaProjects/guiao5/build/reports/tests/1764888743019.0.html\r\nTimeout: 10 s.\r\nCaused by: NoSuchElementException: no such element: Unable to locate element: {\"method\":\"css selector\",\"selector\":\"#username\"}","time":{"start":1764888729637,"stop":1764888743188,"duration":13551}},{"uid":"871a945bdbf610ef","status":"failed","statusDetails":"Element not found {#username}\r\nExpected: visible\r\nScreenshot: file:/C:/Users/User/IdeaProjects/guiao5/build/reports/tests/1764888102946.0.png\r\nPage source: file:/C:/Users/User/IdeaProjects/guiao5/build/reports/tests/1764888102946.0.html\r\nTimeout: 10 s.\r\nCaused by: NoSuchElementException: no such element: Unable to locate element: {\"method\":\"css selector\",\"selector\":\"#username\"}","time":{"start":1764888089806,"stop":1764888103128,"duration":13322}},{"uid":"8c576a2e2f585606","status":"failed","statusDetails":"Element not found {#username}\r\nExpected: editable\r\nPage source: file:/C:/Users/User/IdeaProjects/guiao5/build/reports/tests/1764887602310.0.html\r\nTimeout: 8 s.\r\nCaused by: NoSuchSessionException: invalid session id","time":{"start":1764887590066,"stop":1764887602342,"duration":12276}},{"uid":"34f118aa3dec93e9","status":"failed","statusDetails":"Element not found {#username}\r\nExpected: editable\r\nPage source: file:/C:/Users/User/IdeaProjects/guiao5/build/reports/tests/1764863719965.0.html\r\nTimeout: 8 s.\r\nCaused by: NoSuchSessionException: invalid session id","time":{"start":1764863709958,"stop":1764863719990,"duration":10032}},{"uid":"512e096d37784123","status":"failed","statusDetails":"Element not found {#title}\r\nExpected: editable\r\nScreenshot: file:/C:/Users/User/IdeaProjects/guiao5/build/reports/tests/1764863264614.0.png\r\nPage source: file:/C:/Users/User/IdeaProjects/guiao5/build/reports/tests/1764863264614.0.html\r\nTimeout: 8 s.\r\nCaused by: NoSuchElementException: no such element: Unable to locate element: {\"method\":\"css selector\",\"selector\":\"#title\"}","time":{"start":1764863254552,"stop":1764863264799,"duration":10247}},{"uid":"b273f1c6b73e95dc","status":"broken","statusDetails":"Expecting a stackmap frame at branch target 30\nException Details:\n  Location:\n    test1_addproduct/AddProductPage.submit()Ltest1_addproduct/AddProductPage; @9: invokestatic\n  Reason:\n    Expected stackmap frame at this location.\n  Bytecode:\n    0000000: b200 ae2a 2ab8 008b 4cb8 0091 2bb6 0095\n    0000010: 2ab4 0026 b900 3401 002a 4ea7 000d 4db8\n    0000020: 0091 2cb6 0099 2cbf b800 91b6 009c 2db0\n    0000030:                                        \n  Exception Handler Table:\n    bci [9, 30] => handler: 30\n","time":{"start":1764863093962,"stop":1764863093995,"duration":33}},{"uid":"db347bdcca471f8f","status":"broken","statusDetails":"Expecting a stackmap frame at branch target 30\nException Details:\n  Location:\n    test1_addproduct/AddProductPage.submit()Ltest1_addproduct/AddProductPage; @9: invokestatic\n  Reason:\n    Expected stackmap frame at this location.\n  Bytecode:\n    0000000: b200 ae2a 2ab8 008b 4cb8 0091 2bb6 0095\n    0000010: 2ab4 0026 b900 3401 002a 4ea7 000d 4db8\n    0000020: 0091 2cb6 0099 2cbf b800 91b6 009c 2db0\n    0000030:                                        \n  Exception Handler Table:\n    bci [9, 30] => handler: 30\n","time":{"start":1764862732882,"stop":1764862732913,"duration":31}},{"uid":"19ad6bd80201af37","status":"broken","statusDetails":"Expecting a stackmap frame at branch target 30\nException Details:\n  Location:\n    test1_addproduct/AddProductPage.submit()Ltest1_addproduct/AddProductPage; @9: invokestatic\n  Reason:\n    Expected stackmap frame at this location.\n  Bytecode:\n    0000000: b200 ae2a 2ab8 008b 4cb8 0091 2bb6 0095\n    0000010: 2ab4 0026 b900 3401 002a 4ea7 000d 4db8\n    0000020: 0091 2cb6 0099 2cbf b800 91b6 009c 2db0\n    0000030:                                        \n  Exception Handler Table:\n    bci [9, 30] => handler: 30\n","time":{"start":1764862602008,"stop":1764862602041,"duration":33}},{"uid":"1d11caf69dc6c00c","status":"broken","statusDetails":"Expecting a stackmap frame at branch target 30\nException Details:\n  Location:\n    test1_addproduct/AddProductPage.submit()Ltest1_addproduct/AddProductPage; @9: invokestatic\n  Reason:\n    Expected stackmap frame at this location.\n  Bytecode:\n    0000000: b200 ae2a 2ab8 008b 4cb8 0091 2bb6 0095\n    0000010: 2ab4 0026 b900 3401 002a 4ea7 000d 4db8\n    0000020: 0091 2cb6 0099 2cbf b800 91b6 009c 2db0\n    0000030:                                        \n  Exception Handler Table:\n    bci [9, 30] => handler: 30\n","time":{"start":1764862567380,"stop":1764862567410,"duration":30}}],"categories":[{"name":"Product defects","matchedStatuses":[]}],"tags":[]},"source":"f8f93ed9d148b9c4.json","parameterValues":[]}