{"uid":"78f2595315225d2c","name":"testSuccessfulJoinCommunityNotification()","fullName":"test4_form.FormTest.testSuccessfulJoinCommunityNotification","historyId":"8653395ebddfedb0a222af2c3d7f0840","time":{"start":1764941771092,"stop":1764941785653,"duration":14561},"description":"","status":"failed","statusMessage":"Element not found {vaadin-notification-card[theme='success']}\nExpected: exist\nScreenshot: file:/Users/carloscorreia/Documents/uni/ES2/guiao5/build/reports/tests/1764941785488.0.png\nPage source: file:/Users/carloscorreia/Documents/uni/ES2/guiao5/build/reports/tests/1764941785488.0.html\nTimeout: 10 s.\nCaused by: NoSuchElementException: no such element: Unable to locate element: {\"method\":\"css selector\",\"selector\":\"vaadin-notification-card[theme='success']\"}","statusTrace":"Element not found {vaadin-notification-card[theme='success']}\nExpected: exist\nScreenshot: file:/Users/carloscorreia/Documents/uni/ES2/guiao5/build/reports/tests/1764941785488.0.png\nPage source: file:/Users/carloscorreia/Documents/uni/ES2/guiao5/build/reports/tests/1764941785488.0.html\nTimeout: 10 s.\nCaused by: NoSuchElementException: no such element: Unable to locate element: {\"method\":\"css selector\",\"selector\":\"vaadin-notification-card[theme='success']\"}\n\tat com.codeborne.selenide.impl.WebElementSource.createElementNotFoundError(WebElementSource.java:68)\n\tat com.codeborne.selenide.impl.ElementFinder.createElementNotFoundError(ElementFinder.java:117)\n\tat com.codeborne.selenide.impl.ExceptionWrapper.wrap(ExceptionWrapper.java:25)\n\tat com.codeborne.selenide.impl.SelenideElementProxy.dispatchAndRetry(SelenideElementProxy.java:153)\n\tat com.codeborne.selenide.impl.SelenideElementProxy.invoke(SelenideElementProxy.java:83)\n\tat jdk.proxy1/jdk.proxy1.$Proxy11.getWrappedElement(Unknown Source)\n\tat test4_form.FormPage.getNotificationText(FormPage.java:59)\n\tat test4_form.FormTest.testSuccessfulJoinCommunityNotification(FormTest.java:38)\n\tat java.base/java.lang.reflect.Method.invoke(Method.java:565)\n\tat java.base/java.util.ArrayList.forEach(ArrayList.java:1604)\n\tat java.base/java.util.ArrayList.forEach(ArrayList.java:1604)\nCaused by: org.openqa.selenium.NoSuchElementException: no such element: Unable to locate element: {\"method\":\"css selector\",\"selector\":\"vaadin-notification-card[theme='success']\"}\n  (Session info: chrome=143.0.7499.40)\nFor documentation on this error, please visit: https://www.selenium.dev/documentation/webdriver/troubleshooting/errors#no-such-element-exception\nBuild info: version: '4.26.0', revision: '8ccf0219d7'\nSystem info: os.name: 'Mac OS X', os.arch: 'aarch64', os.version: '26.2', java.version: '25.0.1'\nDriver info: org.openqa.selenium.chrome.ChromeDriver\nCommand: [8ffd0e8f58f5a6eb26c0870aa4369667, findElement {using=css selector, value=vaadin-notification-card[theme='success']}]\nCapabilities {acceptInsecureCerts: true, browserName: chrome, browserVersion: 143.0.7499.40, chrome: {chromedriverVersion: 143.0.7499.40 (c23ff452476d..., userDataDir: /var/folders/pj/x7g0mgrx2t1...}, fedcm:accounts: true, goog:chromeOptions: {debuggerAddress: localhost:57675}, goog:processID: 16623, networkConnectionEnabled: false, pageLoadStrategy: normal, platformName: mac, proxy: Proxy(), se:cdp: ws://localhost:57675/devtoo..., se:cdpVersion: 143.0.7499.40, setWindowRect: true, strictFileInteractability: false, timeouts: {implicit: 0, pageLoad: 300000, script: 30000}, unhandledPromptBehavior: accept, webauthn:extension:credBlob: true, webauthn:extension:largeBlob: true, webauthn:extension:minPinLength: true, webauthn:extension:prf: true, webauthn:virtualAuthenticators: true}\nSession ID: 8ffd0e8f58f5a6eb26c0870aa4369667\n\tat java.base/jdk.internal.reflect.DirectConstructorHandleAccessor.newInstance(DirectConstructorHandleAccessor.java:62)\n\tat java.base/java.lang.reflect.Constructor.newInstanceWithCaller(Constructor.java:499)\n\tat java.base/java.lang.reflect.Constructor.newInstance(Constructor.java:483)\n\tat org.openqa.selenium.remote.ErrorCodec.decode(ErrorCodec.java:167)\n\tat org.openqa.selenium.remote.codec.w3c.W3CHttpResponseCodec.decode(W3CHttpResponseCodec.java:138)\n\tat org.openqa.selenium.remote.codec.w3c.W3CHttpResponseCodec.decode(W3CHttpResponseCodec.java:50)\n\tat org.openqa.selenium.remote.HttpCommandExecutor.execute(HttpCommandExecutor.java:190)\n\tat org.openqa.selenium.remote.service.DriverCommandExecutor.invokeExecute(DriverCommandExecutor.java:216)\n\tat org.openqa.selenium.remote.service.DriverCommandExecutor.execute(DriverCommandExecutor.java:174)\n\tat org.openqa.selenium.remote.RemoteWebDriver.execute(RemoteWebDriver.java:545)\n\tat org.openqa.selenium.remote.ElementLocation$ElementFinder$2.findElement(ElementLocation.java:165)\n\tat org.openqa.selenium.remote.ElementLocation.findElement(ElementLocation.java:59)\n\tat org.openqa.selenium.remote.RemoteWebDriver.findElement(RemoteWebDriver.java:368)\n\tat org.openqa.selenium.remote.RemoteWebDriver.findElement(RemoteWebDriver.java:362)\n\tat com.codeborne.selenide.impl.WebElementSelector.findElement(WebElementSelector.java:64)\n\tat com.codeborne.selenide.impl.WebElementSelector.findElement(WebElementSelector.java:39)\n\tat com.codeborne.selenide.impl.WebElementSelector.findElement(WebElementSelector.java:30)\n\tat com.codeborne.selenide.impl.ElementFinder.getWebElement(ElementFinder.java:101)\n\tat com.codeborne.selenide.commands.GetWrappedElement.execute(GetWrappedElement.java:12)\n\tat com.codeborne.selenide.commands.GetWrappedElement.execute(GetWrappedElement.java:9)\n\tat com.codeborne.selenide.commands.Commands.execute(Commands.java:159)\n\tat com.codeborne.selenide.impl.SelenideElementProxy.dispatchAndRetry(SelenideElementProxy.java:131)\n\t... 7 more\n","flaky":false,"newFailed":false,"newBroken":false,"newPassed":false,"retriesCount":0,"retriesStatusChange":false,"beforeStages":[],"afterStages":[],"labels":[{"name":"junit.platform.uniqueid","value":"[engine:junit-jupiter]/[class:test4_form.FormTest]/[method:testSuccessfulJoinCommunityNotification()]"},{"name":"host","value":"MacBook-Air-de-Carlos.local"},{"name":"thread","value":"16605@MacBook-Air-de-Carlos.local.main(3)"},{"name":"framework","value":"junit-platform"},{"name":"language","value":"java"},{"name":"package","value":"test4_form.FormTest"},{"name":"testClass","value":"test4_form.FormTest"},{"name":"testMethod","value":"testSuccessfulJoinCommunityNotification"},{"name":"suite","value":"test4_form.FormTest"},{"name":"resultFormat","value":"allure2"}],"parameters":[],"links":[],"hidden":false,"retry":false,"extra":{"severity":"normal","retries":[],"categories":[{"name":"Product defects","matchedStatuses":[]}],"tags":[]},"source":"78f2595315225d2c.json","parameterValues":[]}